{"/home/travis/build/npmtest/node-npmtest-connect-mongo/test.js":{"path":"/home/travis/build/npmtest/node-npmtest-connect-mongo/test.js","s":{"1":2,"2":2,"3":2,"4":2,"5":2,"6":2,"7":2,"8":1,"9":2,"10":2,"11":1,"12":1,"13":1,"14":1,"15":2,"16":2,"17":2,"18":2,"19":1,"20":1,"21":2,"22":2,"23":2,"24":1,"25":1,"26":1,"27":1,"28":1,"29":1,"30":1,"31":1,"32":1,"33":1,"34":1,"35":1,"36":1,"37":1,"38":1,"39":2,"40":2,"41":1,"42":2,"43":2,"44":1,"45":2,"46":2,"47":1,"48":2,"49":2,"50":1,"51":1,"52":1,"53":1,"54":1},"b":{"1":[2,1,1,1],"2":[1,1,1,1],"3":[1,1],"4":[1,1],"5":[1,1],"6":[1,1],"7":[1,1],"8":[1,1],"9":[1,1],"10":[1,1,1],"11":[1,1],"12":[1,1],"13":[1,1],"14":[1,1],"15":[1,1],"16":[1,1],"17":[1,1]},"f":{"1":2,"2":2,"3":2,"4":2,"5":2,"6":1,"7":1,"8":1,"9":2,"10":2,"11":2,"12":2,"13":1},"fnMap":{"1":{"name":"(anonymous_1)","line":12,"loc":{"start":{"line":12,"column":1},"end":{"line":12,"column":13}}},"2":{"name":"(anonymous_2)","line":19,"loc":{"start":{"line":19,"column":5},"end":{"line":19,"column":17}}},"3":{"name":"(anonymous_3)","line":23,"loc":{"start":{"line":23,"column":24},"end":{"line":23,"column":36}}},"4":{"name":"(anonymous_4)","line":61,"loc":{"start":{"line":61,"column":5},"end":{"line":61,"column":17}}},"5":{"name":"(anonymous_5)","line":82,"loc":{"start":{"line":82,"column":5},"end":{"line":82,"column":17}}},"6":{"name":"(anonymous_6)","line":91,"loc":{"start":{"line":91,"column":77},"end":{"line":94,"column":10}}},"7":{"name":"(anonymous_7)","line":112,"loc":{"start":{"line":112,"column":83},"end":{"line":115,"column":10}},"skip":true},"8":{"name":"(anonymous_8)","line":123,"loc":{"start":{"line":123,"column":77},"end":{"line":126,"column":10}},"skip":true},"9":{"name":"(anonymous_9)","line":139,"loc":{"start":{"line":139,"column":12},"end":{"line":139,"column":40}},"skip":true},"10":{"name":"(anonymous_10)","line":147,"loc":{"start":{"line":147,"column":77},"end":{"line":150,"column":10}},"skip":true},"11":{"name":"(anonymous_11)","line":158,"loc":{"start":{"line":158,"column":83},"end":{"line":161,"column":10}},"skip":true},"12":{"name":"(anonymous_12)","line":169,"loc":{"start":{"line":169,"column":79},"end":{"line":172,"column":10}},"skip":true},"13":{"name":"(anonymous_13)","line":180,"loc":{"start":{"line":180,"column":75},"end":{"line":183,"column":10}},"skip":true}},"statementMap":{"1":{"start":{"line":12,"column":0},"end":{"line":195,"column":5}},"2":{"start":{"line":14,"column":4},"end":{"line":14,"column":14}},"3":{"start":{"line":19,"column":4},"end":{"line":56,"column":9}},"4":{"start":{"line":21,"column":8},"end":{"line":21,"column":19}},"5":{"start":{"line":23,"column":8},"end":{"line":35,"column":13}},"6":{"start":{"line":24,"column":12},"end":{"line":34,"column":13}},"7":{"start":{"line":25,"column":16},"end":{"line":28,"column":30}},"8":{"start":{"line":30,"column":16},"end":{"line":33,"column":27}},"9":{"start":{"line":37,"column":8},"end":{"line":39,"column":21}},"10":{"start":{"line":40,"column":8},"end":{"line":53,"column":9}},"11":{"start":{"line":43,"column":12},"end":{"line":46,"column":14}},"12":{"start":{"line":47,"column":12},"end":{"line":47,"column":18}},"13":{"start":{"line":50,"column":12},"end":{"line":51,"column":46}},"14":{"start":{"line":52,"column":12},"end":{"line":52,"column":18}},"15":{"start":{"line":55,"column":8},"end":{"line":55,"column":35}},"16":{"start":{"line":61,"column":4},"end":{"line":63,"column":9}},"17":{"start":{"line":62,"column":8},"end":{"line":62,"column":15}},"18":{"start":{"line":64,"column":4},"end":{"line":77,"column":5}},"19":{"start":{"line":70,"column":8},"end":{"line":70,"column":14}},"20":{"start":{"line":76,"column":8},"end":{"line":76,"column":14}},"21":{"start":{"line":82,"column":4},"end":{"line":84,"column":9}},"22":{"start":{"line":83,"column":8},"end":{"line":83,"column":15}},"23":{"start":{"line":85,"column":4},"end":{"line":194,"column":5}},"24":{"start":{"line":91,"column":8},"end":{"line":99,"column":10}},"25":{"start":{"line":98,"column":12},"end":{"line":98,"column":35}},"26":{"start":{"line":102,"column":8},"end":{"line":104,"column":63}},"27":{"start":{"line":105,"column":8},"end":{"line":105,"column":14}},"28":{"start":{"line":112,"column":8},"end":{"line":121,"column":10},"skip":true},"29":{"start":{"line":119,"column":12},"end":{"line":119,"column":55},"skip":true},"30":{"start":{"line":120,"column":12},"end":{"line":120,"column":48},"skip":true},"31":{"start":{"line":123,"column":8},"end":{"line":136,"column":10},"skip":true},"32":{"start":{"line":130,"column":12},"end":{"line":130,"column":76},"skip":true},"33":{"start":{"line":131,"column":12},"end":{"line":131,"column":73},"skip":true},"34":{"start":{"line":132,"column":12},"end":{"line":132,"column":74},"skip":true},"35":{"start":{"line":133,"column":12},"end":{"line":133,"column":79},"skip":true},"36":{"start":{"line":134,"column":12},"end":{"line":134,"column":25},"skip":true},"37":{"start":{"line":135,"column":12},"end":{"line":135,"column":45},"skip":true},"38":{"start":{"line":138,"column":8},"end":{"line":145,"column":14},"skip":true},"39":{"start":{"line":143,"column":16},"end":{"line":143,"column":29},"skip":true},"40":{"start":{"line":144,"column":16},"end":{"line":144,"column":55},"skip":true},"41":{"start":{"line":147,"column":8},"end":{"line":156,"column":10},"skip":true},"42":{"start":{"line":154,"column":12},"end":{"line":154,"column":25},"skip":true},"43":{"start":{"line":155,"column":12},"end":{"line":155,"column":45},"skip":true},"44":{"start":{"line":158,"column":8},"end":{"line":167,"column":10},"skip":true},"45":{"start":{"line":165,"column":12},"end":{"line":165,"column":25},"skip":true},"46":{"start":{"line":166,"column":12},"end":{"line":166,"column":48},"skip":true},"47":{"start":{"line":169,"column":8},"end":{"line":178,"column":10},"skip":true},"48":{"start":{"line":176,"column":12},"end":{"line":176,"column":25},"skip":true},"49":{"start":{"line":177,"column":12},"end":{"line":177,"column":46},"skip":true},"50":{"start":{"line":180,"column":8},"end":{"line":189,"column":10},"skip":true},"51":{"start":{"line":187,"column":12},"end":{"line":187,"column":94},"skip":true},"52":{"start":{"line":188,"column":12},"end":{"line":188,"column":48},"skip":true},"53":{"start":{"line":192,"column":8},"end":{"line":192,"column":35},"skip":true},"54":{"start":{"line":193,"column":8},"end":{"line":193,"column":14},"skip":true}},"branchMap":{"1":{"line":25,"type":"binary-expr","locations":[{"start":{"line":25,"column":23},"end":{"line":25,"column":62}},{"start":{"line":26,"column":20},"end":{"line":26,"column":70}},{"start":{"line":27,"column":20},"end":{"line":27,"column":71}},{"start":{"line":28,"column":20},"end":{"line":28,"column":29}}]},"2":{"line":30,"type":"binary-expr","locations":[{"start":{"line":30,"column":23},"end":{"line":30,"column":37}},{"start":{"line":31,"column":20},"end":{"line":31,"column":61}},{"start":{"line":32,"column":20},"end":{"line":32,"column":70}},{"start":{"line":33,"column":20},"end":{"line":33,"column":26}}]},"3":{"line":37,"type":"cond-expr","locations":[{"start":{"line":38,"column":14},"end":{"line":38,"column":20}},{"start":{"line":39,"column":14},"end":{"line":39,"column":20}}]},"4":{"line":40,"type":"switch","locations":[{"start":{"line":42,"column":8},"end":{"line":47,"column":18}},{"start":{"line":49,"column":8},"end":{"line":52,"column":18}}]},"5":{"line":44,"type":"binary-expr","locations":[{"start":{"line":44,"column":16},"end":{"line":44,"column":44}},{"start":{"line":44,"column":48},"end":{"line":44,"column":66}}]},"6":{"line":50,"type":"binary-expr","locations":[{"start":{"line":50,"column":21},"end":{"line":50,"column":49}},{"start":{"line":50,"column":53},"end":{"line":50,"column":72}}]},"7":{"line":64,"type":"switch","locations":[{"start":{"line":69,"column":4},"end":{"line":70,"column":14}},{"start":{"line":75,"column":4},"end":{"line":76,"column":14}}]},"8":{"line":85,"type":"switch","locations":[{"start":{"line":90,"column":4},"end":{"line":105,"column":14}},{"start":{"line":111,"column":4},"end":{"line":193,"column":14},"skip":true}]},"9":{"line":91,"type":"binary-expr","locations":[{"start":{"line":91,"column":42},"end":{"line":91,"column":73}},{"start":{"line":91,"column":77},"end":{"line":99,"column":9}}]},"10":{"line":102,"type":"binary-expr","locations":[{"start":{"line":102,"column":18},"end":{"line":102,"column":32}},{"start":{"line":103,"column":12},"end":{"line":103,"column":53}},{"start":{"line":104,"column":12},"end":{"line":104,"column":61}}]},"11":{"line":112,"type":"binary-expr","locations":[{"start":{"line":112,"column":45},"end":{"line":112,"column":79},"skip":true},{"start":{"line":112,"column":83},"end":{"line":121,"column":9},"skip":true}]},"12":{"line":123,"type":"binary-expr","locations":[{"start":{"line":123,"column":42},"end":{"line":123,"column":73},"skip":true},{"start":{"line":123,"column":77},"end":{"line":136,"column":9},"skip":true}]},"13":{"line":138,"type":"binary-expr","locations":[{"start":{"line":138,"column":48},"end":{"line":138,"column":85},"skip":true},{"start":{"line":139,"column":12},"end":{"line":145,"column":13},"skip":true}]},"14":{"line":147,"type":"binary-expr","locations":[{"start":{"line":147,"column":42},"end":{"line":147,"column":73},"skip":true},{"start":{"line":147,"column":77},"end":{"line":156,"column":9},"skip":true}]},"15":{"line":158,"type":"binary-expr","locations":[{"start":{"line":158,"column":45},"end":{"line":158,"column":79},"skip":true},{"start":{"line":158,"column":83},"end":{"line":167,"column":9},"skip":true}]},"16":{"line":169,"type":"binary-expr","locations":[{"start":{"line":169,"column":43},"end":{"line":169,"column":75},"skip":true},{"start":{"line":169,"column":79},"end":{"line":178,"column":9},"skip":true}]},"17":{"line":180,"type":"binary-expr","locations":[{"start":{"line":180,"column":41},"end":{"line":180,"column":71},"skip":true},{"start":{"line":180,"column":75},"end":{"line":189,"column":9},"skip":true}]}},"code":["/* istanbul instrument in package npmtest_connect_mongo */","/*jslint","    bitwise: true,","    browser: true,","    maxerr: 8,","    maxlen: 96,","    node: true,","    nomen: true,","    regexp: true,","    stupid: true","*/","(function () {","    'use strict';","    var local;","","","","    // run shared js-env code - pre-init","    (function () {","        // init local","        local = {};","        // init modeJs","        local.modeJs = (function () {","            try {","                return typeof navigator.userAgent === 'string' &&","                    typeof document.querySelector('body') === 'object' &&","                    typeof XMLHttpRequest.prototype.open === 'function' &&","                    'browser';","            } catch (errorCaughtBrowser) {","                return module.exports &&","                    typeof process.versions.node === 'string' &&","                    typeof require('http').createServer === 'function' &&","                    'node';","            }","        }());","        // init global","        local.global = local.modeJs === 'browser'","            ? window","            : global;","        switch (local.modeJs) {","        // re-init local from window.local","        case 'browser':","            local = local.global.utility2.objectSetDefault(","                local.global.utility2_rollup || local.global.local,","                local.global.utility2","            );","            break;","        // re-init local from example.js","        case 'node':","            local = (local.global.utility2_rollup || require('utility2'))","                .requireExampleJsFromReadme();","            break;","        }","        // export local","        local.global.local = local;","    }());","","","","    // run shared js-env code - function","    (function () {","        return;","    }());","    switch (local.modeJs) {","","","","    // run browser js-env code - function","    case 'browser':","        break;","","","","    // run node js-env code - function","    case 'node':","        break;","    }","","","","    // run shared js-env code - post-init","    (function () {","        return;","    }());","    switch (local.modeJs) {","","","","    // run browser js-env code - post-init","    case 'browser':","        local.testCase_browser_nullCase = local.testCase_browser_nullCase || function (","            options,","            onError","        ) {","        /*","         * this function will test browsers's null-case handling-behavior-behavior","         */","            onError(null, options);","        };","","        // run tests","        local.nop(local.modeTest &&","            document.querySelector('#testRunButton1') &&","            document.querySelector('#testRunButton1').click());","        break;","","","","    // run node js-env code - post-init","    /* istanbul ignore next */","    case 'node':","        local.testCase_buildApidoc_default = local.testCase_buildApidoc_default || function (","            options,","            onError","        ) {","        /*","         * this function will test buildApidoc's default handling-behavior-behavior","         */","            options = { modulePathList: module.paths };","            local.buildApidoc(options, onError);","        };","","        local.testCase_buildApp_default = local.testCase_buildApp_default || function (","            options,","            onError","        ) {","        /*","         * this function will test buildApp's default handling-behavior-behavior","         */","            local.testCase_buildReadme_default(options, local.onErrorThrow);","            local.testCase_buildLib_default(options, local.onErrorThrow);","            local.testCase_buildTest_default(options, local.onErrorThrow);","            local.testCase_buildCustomOrg_default(options, local.onErrorThrow);","            options = [];","            local.buildApp(options, onError);","        };","","        local.testCase_buildCustomOrg_default = local.testCase_buildCustomOrg_default ||","            function (options, onError) {","            /*","             * this function will test buildCustomOrg's default handling-behavior","             */","                options = {};","                local.buildCustomOrg(options, onError);","            };","","        local.testCase_buildLib_default = local.testCase_buildLib_default || function (","            options,","            onError","        ) {","        /*","         * this function will test buildLib's default handling-behavior","         */","            options = {};","            local.buildLib(options, onError);","        };","","        local.testCase_buildReadme_default = local.testCase_buildReadme_default || function (","            options,","            onError","        ) {","        /*","         * this function will test buildReadme's default handling-behavior-behavior","         */","            options = {};","            local.buildReadme(options, onError);","        };","","        local.testCase_buildTest_default = local.testCase_buildTest_default || function (","            options,","            onError","        ) {","        /*","         * this function will test buildTest's default handling-behavior","         */","            options = {};","            local.buildTest(options, onError);","        };","","        local.testCase_webpage_default = local.testCase_webpage_default || function (","            options,","            onError","        ) {","        /*","         * this function will test webpage's default handling-behavior","         */","            options = { modeCoverageMerge: true, url: local.serverLocalHost + '?modeTest=1' };","            local.browserTest(options, onError);","        };","","        // run test-server","        local.testRunServer(local);","        break;","    }","}());",""],"l":{"12":2,"14":2,"19":2,"21":2,"23":2,"24":2,"25":2,"30":1,"37":2,"40":2,"43":1,"47":1,"50":1,"52":1,"55":2,"61":2,"62":2,"64":2,"70":1,"76":1,"82":2,"83":2,"85":2,"91":1,"98":1,"102":1,"105":1,"112":1,"119":1,"120":1,"123":1,"130":1,"131":1,"132":1,"133":1,"134":1,"135":1,"138":1,"143":2,"144":2,"147":1,"154":2,"155":2,"158":1,"165":2,"166":2,"169":1,"176":2,"177":2,"180":1,"187":1,"188":1,"192":1,"193":1}},"/home/travis/build/npmtest/node-npmtest-connect-mongo/lib.npmtest_connect_mongo.js":{"path":"/home/travis/build/npmtest/node-npmtest-connect-mongo/lib.npmtest_connect_mongo.js","s":{"1":2,"2":2,"3":2,"4":2,"5":2,"6":2,"7":2,"8":1,"9":2,"10":2,"11":2,"12":2,"13":1,"14":1,"15":1,"16":1},"b":{"1":[2,1,1,1],"2":[1,1,1,1],"3":[1,1],"4":[2,2],"5":[1,1]},"f":{"1":2,"2":2,"3":2},"fnMap":{"1":{"name":"(anonymous_1)","line":12,"loc":{"start":{"line":12,"column":1},"end":{"line":12,"column":13}}},"2":{"name":"(anonymous_2)","line":19,"loc":{"start":{"line":19,"column":5},"end":{"line":19,"column":17}}},"3":{"name":"(anonymous_3)","line":23,"loc":{"start":{"line":23,"column":24},"end":{"line":23,"column":36}}}},"statementMap":{"1":{"start":{"line":12,"column":0},"end":{"line":53,"column":5}},"2":{"start":{"line":14,"column":4},"end":{"line":14,"column":14}},"3":{"start":{"line":19,"column":4},"end":{"line":52,"column":9}},"4":{"start":{"line":21,"column":8},"end":{"line":21,"column":19}},"5":{"start":{"line":23,"column":8},"end":{"line":35,"column":13}},"6":{"start":{"line":24,"column":12},"end":{"line":34,"column":13}},"7":{"start":{"line":25,"column":16},"end":{"line":28,"column":30}},"8":{"start":{"line":30,"column":16},"end":{"line":33,"column":27}},"9":{"start":{"line":37,"column":8},"end":{"line":39,"column":21}},"10":{"start":{"line":41,"column":8},"end":{"line":41,"column":54}},"11":{"start":{"line":43,"column":8},"end":{"line":43,"column":58}},"12":{"start":{"line":45,"column":8},"end":{"line":51,"column":9}},"13":{"start":{"line":46,"column":12},"end":{"line":46,"column":64}},"14":{"start":{"line":48,"column":12},"end":{"line":48,"column":35}},"15":{"start":{"line":49,"column":12},"end":{"line":49,"column":49}},"16":{"start":{"line":50,"column":12},"end":{"line":50,"column":43}}},"branchMap":{"1":{"line":25,"type":"binary-expr","locations":[{"start":{"line":25,"column":23},"end":{"line":25,"column":62}},{"start":{"line":26,"column":20},"end":{"line":26,"column":70}},{"start":{"line":27,"column":20},"end":{"line":27,"column":71}},{"start":{"line":28,"column":20},"end":{"line":28,"column":29}}]},"2":{"line":30,"type":"binary-expr","locations":[{"start":{"line":30,"column":23},"end":{"line":30,"column":37}},{"start":{"line":31,"column":20},"end":{"line":31,"column":61}},{"start":{"line":32,"column":20},"end":{"line":32,"column":70}},{"start":{"line":33,"column":20},"end":{"line":33,"column":26}}]},"3":{"line":37,"type":"cond-expr","locations":[{"start":{"line":38,"column":14},"end":{"line":38,"column":20}},{"start":{"line":39,"column":14},"end":{"line":39,"column":20}}]},"4":{"line":41,"type":"binary-expr","locations":[{"start":{"line":41,"column":16},"end":{"line":41,"column":44}},{"start":{"line":41,"column":48},"end":{"line":41,"column":53}}]},"5":{"line":45,"type":"if","locations":[{"start":{"line":45,"column":8},"end":{"line":45,"column":8}},{"start":{"line":45,"column":8},"end":{"line":45,"column":8}}]}},"code":["/* istanbul instrument in package npmtest_connect_mongo */","/*jslint","    bitwise: true,","    browser: true,","    maxerr: 8,","    maxlen: 96,","    node: true,","    nomen: true,","    regexp: true,","    stupid: true","*/","(function () {","    'use strict';","    var local;","","","","    // run shared js-env code - pre-init","    (function () {","        // init local","        local = {};","        // init modeJs","        local.modeJs = (function () {","            try {","                return typeof navigator.userAgent === 'string' &&","                    typeof document.querySelector('body') === 'object' &&","                    typeof XMLHttpRequest.prototype.open === 'function' &&","                    'browser';","            } catch (errorCaughtBrowser) {","                return module.exports &&","                    typeof process.versions.node === 'string' &&","                    typeof require('http').createServer === 'function' &&","                    'node';","            }","        }());","        // init global","        local.global = local.modeJs === 'browser'","            ? window","            : global;","        // init utility2_rollup","        local = local.global.utility2_rollup || local;","        // init lib","        local.local = local.npmtest_connect_mongo = local;","        // init exports","        if (local.modeJs === 'browser') {","            local.global.utility2_npmtest_connect_mongo = local;","        } else {","            module.exports = local;","            module.exports.__dirname = __dirname;","            module.exports.module = module;","        }","    }());","}());",""],"l":{"12":2,"14":2,"19":2,"21":2,"23":2,"24":2,"25":2,"30":1,"37":2,"41":2,"43":2,"45":2,"46":1,"48":1,"49":1,"50":1}},"/home/travis/build/npmtest/node-npmtest-connect-mongo/example.js":{"path":"/home/travis/build/npmtest/node-npmtest-connect-mongo/example.js","s":{"1":2,"2":2,"3":2,"4":2,"5":2,"6":2,"7":2,"8":1,"9":2,"10":2,"11":2,"12":2,"13":1,"14":2,"15":2,"16":2,"17":2,"18":2,"19":0,"20":2,"21":1,"22":1,"23":1,"24":1,"25":1,"26":0,"27":0,"28":1,"29":1,"30":2,"31":0,"32":0,"33":0,"34":1,"35":2,"36":2,"37":3,"38":3,"39":3,"40":3,"41":0,"42":3,"43":3,"44":3,"45":1,"46":3,"47":1,"48":1,"49":1,"50":1,"51":1,"52":1,"53":1,"54":1,"55":1,"56":1,"57":0,"58":1,"59":6,"60":6,"61":1,"62":2,"63":0,"64":2,"65":1,"66":1,"67":0,"68":0,"69":0,"70":0,"71":0,"72":0,"73":0,"74":0,"75":0,"76":0,"77":0,"78":0,"79":0,"80":0,"81":0,"82":0,"83":0},"b":{"1":[2,1,1,1],"2":[1,1,1,1],"3":[1,1],"4":[2,2],"5":[1,1],"6":[1,1],"7":[2,0],"8":[2,1,1,1,1,1],"9":[0,2,0],"10":[1,1],"11":[2,1,1],"12":[1,0],"13":[0,2],"14":[2,0,0,0,0,0,0],"15":[0,3],"16":[3,0],"17":[1,1],"18":[0,1],"19":[1,2,0,2],"20":[1,0],"21":[1,1],"22":[0,0],"23":[0,0],"24":[0,0],"25":[0,0],"26":[0,0],"27":[0,0],"28":[0,0]},"f":{"1":2,"2":2,"3":2,"4":2,"5":2,"6":2,"7":3,"8":3,"9":3,"10":1,"11":6,"12":0},"fnMap":{"1":{"name":"(anonymous_1)","line":26,"loc":{"start":{"line":26,"column":1},"end":{"line":26,"column":13}}},"2":{"name":"(anonymous_2)","line":33,"loc":{"start":{"line":33,"column":5},"end":{"line":33,"column":17}}},"3":{"name":"(anonymous_3)","line":37,"loc":{"start":{"line":37,"column":24},"end":{"line":37,"column":36}}},"4":{"name":"(anonymous_4)","line":69,"loc":{"start":{"line":69,"column":31},"end":{"line":69,"column":48}},"skip":true},"5":{"name":"(anonymous_5)","line":78,"loc":{"start":{"line":78,"column":26},"end":{"line":78,"column":45}},"skip":true},"6":{"name":"(anonymous_6)","line":123,"loc":{"start":{"line":123,"column":33},"end":{"line":123,"column":48}},"skip":true},"7":{"name":"(anonymous_7)","line":125,"loc":{"start":{"line":125,"column":27},"end":{"line":125,"column":39}},"skip":true},"8":{"name":"(anonymous_8)","line":133,"loc":{"start":{"line":133,"column":59},"end":{"line":133,"column":74}},"skip":true},"9":{"name":"(anonymous_9)","line":143,"loc":{"start":{"line":143,"column":45},"end":{"line":143,"column":62}},"skip":true},"10":{"name":"(anonymous_10)","line":144,"loc":{"start":{"line":144,"column":73},"end":{"line":144,"column":92}},"skip":true},"11":{"name":"(anonymous_11)","line":272,"loc":{"start":{"line":272,"column":51},"end":{"line":272,"column":77}},"skip":true},"12":{"name":"(anonymous_12)","line":315,"loc":{"start":{"line":315,"column":32},"end":{"line":315,"column":61}},"skip":true}},"statementMap":{"1":{"start":{"line":26,"column":0},"end":{"line":326,"column":5}},"2":{"start":{"line":28,"column":4},"end":{"line":28,"column":14}},"3":{"start":{"line":33,"column":4},"end":{"line":60,"column":9}},"4":{"start":{"line":35,"column":8},"end":{"line":35,"column":19}},"5":{"start":{"line":37,"column":8},"end":{"line":49,"column":13}},"6":{"start":{"line":38,"column":12},"end":{"line":48,"column":13}},"7":{"start":{"line":39,"column":16},"end":{"line":42,"column":30}},"8":{"start":{"line":44,"column":16},"end":{"line":47,"column":27}},"9":{"start":{"line":51,"column":8},"end":{"line":53,"column":21}},"10":{"start":{"line":55,"column":8},"end":{"line":57,"column":45}},"11":{"start":{"line":59,"column":8},"end":{"line":59,"column":35}},"12":{"start":{"line":61,"column":4},"end":{"line":325,"column":5}},"13":{"start":{"line":69,"column":8},"end":{"line":121,"column":10},"skip":true},"14":{"start":{"line":70,"column":12},"end":{"line":88,"column":13},"skip":true},"15":{"start":{"line":76,"column":16},"end":{"line":87,"column":19},"skip":true},"16":{"start":{"line":79,"column":20},"end":{"line":86,"column":21},"skip":true},"17":{"start":{"line":82,"column":24},"end":{"line":82,"column":43},"skip":true},"18":{"start":{"line":83,"column":24},"end":{"line":83,"column":30},"skip":true},"19":{"start":{"line":85,"column":24},"end":{"line":85,"column":49},"skip":true},"20":{"start":{"line":89,"column":12},"end":{"line":107,"column":13},"skip":true},"21":{"start":{"line":92,"column":16},"end":{"line":102,"column":17},"skip":true},"22":{"start":{"line":93,"column":20},"end":{"line":93,"column":86},"skip":true},"23":{"start":{"line":94,"column":20},"end":{"line":95,"column":45},"skip":true},"24":{"start":{"line":96,"column":20},"end":{"line":96,"column":42},"skip":true},"25":{"start":{"line":97,"column":20},"end":{"line":97,"column":48},"skip":true},"26":{"start":{"line":100,"column":20},"end":{"line":100,"column":85},"skip":true},"27":{"start":{"line":101,"column":20},"end":{"line":101,"column":96},"skip":true},"28":{"start":{"line":103,"column":16},"end":{"line":103,"column":22},"skip":true},"29":{"start":{"line":106,"column":16},"end":{"line":106,"column":22},"skip":true},"30":{"start":{"line":108,"column":12},"end":{"line":120,"column":13},"skip":true},"31":{"start":{"line":114,"column":16},"end":{"line":119,"column":17},"skip":true},"32":{"start":{"line":116,"column":20},"end":{"line":116,"column":78},"skip":true},"33":{"start":{"line":118,"column":20},"end":{"line":118,"column":47},"skip":true},"34":{"start":{"line":123,"column":8},"end":{"line":141,"column":11},"skip":true},"35":{"start":{"line":124,"column":12},"end":{"line":124,"column":54},"skip":true},"36":{"start":{"line":125,"column":12},"end":{"line":140,"column":14},"skip":true},"37":{"start":{"line":126,"column":16},"end":{"line":126,"column":28},"skip":true},"38":{"start":{"line":127,"column":16},"end":{"line":127,"column":69},"skip":true},"39":{"start":{"line":128,"column":16},"end":{"line":128,"column":75},"skip":true},"40":{"start":{"line":129,"column":16},"end":{"line":131,"column":17},"skip":true},"41":{"start":{"line":130,"column":20},"end":{"line":130,"column":27},"skip":true},"42":{"start":{"line":133,"column":16},"end":{"line":137,"column":36},"skip":true},"43":{"start":{"line":134,"column":20},"end":{"line":136,"column":55},"skip":true},"44":{"start":{"line":139,"column":16},"end":{"line":139,"column":57},"skip":true},"45":{"start":{"line":143,"column":8},"end":{"line":147,"column":11},"skip":true},"46":{"start":{"line":144,"column":12},"end":{"line":146,"column":15},"skip":true},"47":{"start":{"line":145,"column":16},"end":{"line":145,"column":70},"skip":true},"48":{"start":{"line":149,"column":8},"end":{"line":149,"column":31},"skip":true},"49":{"start":{"line":150,"column":8},"end":{"line":150,"column":14},"skip":true},"50":{"start":{"line":158,"column":8},"end":{"line":158,"column":31},"skip":true},"51":{"start":{"line":160,"column":8},"end":{"line":160,"column":33},"skip":true},"52":{"start":{"line":161,"column":8},"end":{"line":161,"column":37},"skip":true},"53":{"start":{"line":162,"column":8},"end":{"line":162,"column":35},"skip":true},"54":{"start":{"line":164,"column":8},"end":{"line":164,"column":50},"skip":true},"55":{"start":{"line":166,"column":8},"end":{"line":256,"column":2},"skip":true},"56":{"start":{"line":258,"column":8},"end":{"line":286,"column":9},"skip":true},"57":{"start":{"line":259,"column":12},"end":{"line":269,"column":14},"skip":true},"58":{"start":{"line":271,"column":12},"end":{"line":285,"column":19},"skip":true},"59":{"start":{"line":274,"column":20},"end":{"line":274,"column":35},"skip":true},"60":{"start":{"line":275,"column":20},"end":{"line":284,"column":21},"skip":true},"61":{"start":{"line":277,"column":24},"end":{"line":277,"column":64},"skip":true},"62":{"start":{"line":279,"column":24},"end":{"line":279,"column":40},"skip":true},"63":{"start":{"line":281,"column":24},"end":{"line":281,"column":40},"skip":true},"64":{"start":{"line":283,"column":24},"end":{"line":283,"column":39},"skip":true},"65":{"start":{"line":288,"column":8},"end":{"line":290,"column":9},"skip":true},"66":{"start":{"line":289,"column":12},"end":{"line":289,"column":18},"skip":true},"67":{"start":{"line":291,"column":8},"end":{"line":293,"column":54},"skip":true},"68":{"start":{"line":296,"column":8},"end":{"line":301,"column":37},"skip":true},"69":{"start":{"line":303,"column":8},"end":{"line":303,"column":82},"skip":true},"70":{"start":{"line":306,"column":8},"end":{"line":308,"column":9},"skip":true},"71":{"start":{"line":307,"column":12},"end":{"line":307,"column":82},"skip":true},"72":{"start":{"line":310,"column":8},"end":{"line":312,"column":9},"skip":true},"73":{"start":{"line":311,"column":12},"end":{"line":311,"column":18},"skip":true},"74":{"start":{"line":313,"column":8},"end":{"line":313,"column":54},"skip":true},"75":{"start":{"line":314,"column":8},"end":{"line":314,"column":69},"skip":true},"76":{"start":{"line":315,"column":8},"end":{"line":323,"column":36},"skip":true},"77":{"start":{"line":316,"column":12},"end":{"line":316,"column":61},"skip":true},"78":{"start":{"line":317,"column":12},"end":{"line":320,"column":13},"skip":true},"79":{"start":{"line":318,"column":16},"end":{"line":318,"column":75},"skip":true},"80":{"start":{"line":319,"column":16},"end":{"line":319,"column":23},"skip":true},"81":{"start":{"line":321,"column":12},"end":{"line":321,"column":38},"skip":true},"82":{"start":{"line":322,"column":12},"end":{"line":322,"column":27},"skip":true},"83":{"start":{"line":324,"column":8},"end":{"line":324,"column":14},"skip":true}},"branchMap":{"1":{"line":39,"type":"binary-expr","locations":[{"start":{"line":39,"column":23},"end":{"line":39,"column":62}},{"start":{"line":40,"column":20},"end":{"line":40,"column":70}},{"start":{"line":41,"column":20},"end":{"line":41,"column":71}},{"start":{"line":42,"column":20},"end":{"line":42,"column":29}}]},"2":{"line":44,"type":"binary-expr","locations":[{"start":{"line":44,"column":23},"end":{"line":44,"column":37}},{"start":{"line":45,"column":20},"end":{"line":45,"column":61}},{"start":{"line":46,"column":20},"end":{"line":46,"column":70}},{"start":{"line":47,"column":20},"end":{"line":47,"column":26}}]},"3":{"line":51,"type":"cond-expr","locations":[{"start":{"line":52,"column":14},"end":{"line":52,"column":20}},{"start":{"line":53,"column":14},"end":{"line":53,"column":20}}]},"4":{"line":55,"type":"binary-expr","locations":[{"start":{"line":55,"column":16},"end":{"line":55,"column":44}},{"start":{"line":55,"column":49},"end":{"line":57,"column":43}}]},"5":{"line":55,"type":"cond-expr","locations":[{"start":{"line":56,"column":14},"end":{"line":56,"column":57}},{"start":{"line":57,"column":14},"end":{"line":57,"column":43}}]},"6":{"line":61,"type":"switch","locations":[{"start":{"line":68,"column":4},"end":{"line":150,"column":14},"skip":true},{"start":{"line":156,"column":4},"end":{"line":324,"column":14},"skip":true}]},"7":{"line":70,"type":"if","locations":[{"start":{"line":70,"column":12},"end":{"line":70,"column":12},"skip":true},{"start":{"line":70,"column":12},"end":{"line":70,"column":12},"skip":true}]},"8":{"line":70,"type":"binary-expr","locations":[{"start":{"line":70,"column":16},"end":{"line":70,"column":22},"skip":true},{"start":{"line":70,"column":27},"end":{"line":70,"column":32},"skip":true},{"start":{"line":71,"column":20},"end":{"line":71,"column":39},"skip":true},{"start":{"line":72,"column":20},"end":{"line":72,"column":49},"skip":true},{"start":{"line":73,"column":20},"end":{"line":73,"column":58},"skip":true},{"start":{"line":74,"column":20},"end":{"line":74,"column":69},"skip":true}]},"9":{"line":79,"type":"switch","locations":[{"start":{"line":80,"column":20},"end":{"line":80,"column":33},"skip":true},{"start":{"line":81,"column":20},"end":{"line":83,"column":30},"skip":true},{"start":{"line":84,"column":20},"end":{"line":85,"column":49},"skip":true}]},"10":{"line":89,"type":"switch","locations":[{"start":{"line":90,"column":12},"end":{"line":103,"column":22},"skip":true},{"start":{"line":105,"column":12},"end":{"line":106,"column":22},"skip":true}]},"11":{"line":89,"type":"binary-expr","locations":[{"start":{"line":89,"column":20},"end":{"line":89,"column":25},"skip":true},{"start":{"line":89,"column":29},"end":{"line":89,"column":48},"skip":true},{"start":{"line":89,"column":52},"end":{"line":89,"column":74},"skip":true}]},"12":{"line":92,"type":"if","locations":[{"start":{"line":92,"column":16},"end":{"line":92,"column":16},"skip":true},{"start":{"line":92,"column":16},"end":{"line":92,"column":16},"skip":true}]},"13":{"line":108,"type":"if","locations":[{"start":{"line":108,"column":12},"end":{"line":108,"column":12},"skip":true},{"start":{"line":108,"column":12},"end":{"line":108,"column":12},"skip":true}]},"14":{"line":108,"type":"binary-expr","locations":[{"start":{"line":108,"column":16},"end":{"line":108,"column":61},"skip":true},{"start":{"line":108,"column":66},"end":{"line":108,"column":72},"skip":true},{"start":{"line":108,"column":77},"end":{"line":108,"column":82},"skip":true},{"start":{"line":109,"column":20},"end":{"line":109,"column":39},"skip":true},{"start":{"line":110,"column":20},"end":{"line":110,"column":49},"skip":true},{"start":{"line":111,"column":20},"end":{"line":111,"column":58},"skip":true},{"start":{"line":112,"column":20},"end":{"line":112,"column":68},"skip":true}]},"15":{"line":129,"type":"if","locations":[{"start":{"line":129,"column":16},"end":{"line":129,"column":16},"skip":true},{"start":{"line":129,"column":16},"end":{"line":129,"column":16},"skip":true}]},"16":{"line":134,"type":"cond-expr","locations":[{"start":{"line":135,"column":26},"end":{"line":135,"column":29},"skip":true},{"start":{"line":136,"column":26},"end":{"line":136,"column":54},"skip":true}]},"17":{"line":164,"type":"binary-expr","locations":[{"start":{"line":164,"column":27},"end":{"line":164,"column":43},"skip":true},{"start":{"line":164,"column":47},"end":{"line":164,"column":49},"skip":true}]},"18":{"line":258,"type":"if","locations":[{"start":{"line":258,"column":8},"end":{"line":258,"column":8},"skip":true},{"start":{"line":258,"column":8},"end":{"line":258,"column":8},"skip":true}]},"19":{"line":275,"type":"switch","locations":[{"start":{"line":276,"column":20},"end":{"line":277,"column":64},"skip":true},{"start":{"line":278,"column":20},"end":{"line":279,"column":40},"skip":true},{"start":{"line":280,"column":20},"end":{"line":281,"column":40},"skip":true},{"start":{"line":282,"column":20},"end":{"line":283,"column":39},"skip":true}]},"20":{"line":288,"type":"if","locations":[{"start":{"line":288,"column":8},"end":{"line":288,"column":8},"skip":true},{"start":{"line":288,"column":8},"end":{"line":288,"column":8},"skip":true}]},"21":{"line":288,"type":"binary-expr","locations":[{"start":{"line":288,"column":12},"end":{"line":288,"column":40},"skip":true},{"start":{"line":288,"column":44},"end":{"line":288,"column":67},"skip":true}]},"22":{"line":292,"type":"binary-expr","locations":[{"start":{"line":292,"column":12},"end":{"line":292,"column":50},"skip":true},{"start":{"line":293,"column":12},"end":{"line":293,"column":53},"skip":true}]},"23":{"line":297,"type":"binary-expr","locations":[{"start":{"line":297,"column":12},"end":{"line":297,"column":71},"skip":true},{"start":{"line":298,"column":12},"end":{"line":301,"column":36},"skip":true}]},"24":{"line":303,"type":"binary-expr","locations":[{"start":{"line":303,"column":43},"end":{"line":303,"column":75},"skip":true},{"start":{"line":303,"column":79},"end":{"line":303,"column":81},"skip":true}]},"25":{"line":306,"type":"if","locations":[{"start":{"line":306,"column":8},"end":{"line":306,"column":8},"skip":true},{"start":{"line":306,"column":8},"end":{"line":306,"column":8},"skip":true}]},"26":{"line":310,"type":"if","locations":[{"start":{"line":310,"column":8},"end":{"line":310,"column":8},"skip":true},{"start":{"line":310,"column":8},"end":{"line":310,"column":8},"skip":true}]},"27":{"line":313,"type":"binary-expr","locations":[{"start":{"line":313,"column":27},"end":{"line":313,"column":43},"skip":true},{"start":{"line":313,"column":47},"end":{"line":313,"column":53},"skip":true}]},"28":{"line":317,"type":"if","locations":[{"start":{"line":317,"column":12},"end":{"line":317,"column":12},"skip":true},{"start":{"line":317,"column":12},"end":{"line":317,"column":12},"skip":true}]}},"code":["/*","example.js","","quickstart example","","instruction","    1. save this script as example.js","    2. run the shell command:","        $ npm install npmtest-connect-mongo && PORT=8081 node example.js","    3. play with the browser-demo on http://127.0.0.1:8081","*/","","","","/* istanbul instrument in package npmtest_connect_mongo */","/*jslint","    bitwise: true,","    browser: true,","    maxerr: 8,","    maxlen: 96,","    node: true,","    nomen: true,","    regexp: true,","    stupid: true","*/","(function () {","    'use strict';","    var local;","","","","    // run shared js-env code - pre-init","    (function () {","        // init local","        local = {};","        // init modeJs","        local.modeJs = (function () {","            try {","                return typeof navigator.userAgent === 'string' &&","                    typeof document.querySelector('body') === 'object' &&","                    typeof XMLHttpRequest.prototype.open === 'function' &&","                    'browser';","            } catch (errorCaughtBrowser) {","                return module.exports &&","                    typeof process.versions.node === 'string' &&","                    typeof require('http').createServer === 'function' &&","                    'node';","            }","        }());","        // init global","        local.global = local.modeJs === 'browser'","            ? window","            : global;","        // init utility2_rollup","        local = local.global.utility2_rollup || (local.modeJs === 'browser'","            ? local.global.utility2_npmtest_connect_mongo","            : global.utility2_moduleExports);","        // export local","        local.global.local = local;","    }());","    switch (local.modeJs) {","","","","    // post-init","    // run browser js-env code - post-init","    /* istanbul ignore next */","    case 'browser':","        local.testRunBrowser = function (event) {","            if (!event || (event &&","                    event.currentTarget &&","                    event.currentTarget.className &&","                    event.currentTarget.className.includes &&","                    event.currentTarget.className.includes('onreset'))) {","                // reset output","                Array.from(","                    document.querySelectorAll('body > .resettable')","                ).forEach(function (element) {","                    switch (element.tagName) {","                    case 'INPUT':","                    case 'TEXTAREA':","                        element.value = '';","                        break;","                    default:","                        element.textContent = '';","                    }","                });","            }","            switch (event && event.currentTarget && event.currentTarget.id) {","            case 'testRunButton1':","                // show tests","                if (document.querySelector('#testReportDiv1').style.display === 'none') {","                    document.querySelector('#testReportDiv1').style.display = 'block';","                    document.querySelector('#testRunButton1').textContent =","                        'hide internal test';","                    local.modeTest = true;","                    local.testRunDefault(local);","                // hide tests","                } else {","                    document.querySelector('#testReportDiv1').style.display = 'none';","                    document.querySelector('#testRunButton1').textContent = 'run internal test';","                }","                break;","            // custom-case","            default:","                break;","            }","            if (document.querySelector('#inputTextareaEval1') && (!event || (event &&","                    event.currentTarget &&","                    event.currentTarget.className &&","                    event.currentTarget.className.includes &&","                    event.currentTarget.className.includes('oneval')))) {","                // try to eval input-code","                try {","                    /*jslint evil: true*/","                    eval(document.querySelector('#inputTextareaEval1').value);","                } catch (errorCaught) {","                    console.error(errorCaught);","                }","            }","        };","        // log stderr and stdout to #outputTextareaStdout1","        ['error', 'log'].forEach(function (key) {","            console[key + '_original'] = console[key];","            console[key] = function () {","                var element;","                console[key + '_original'].apply(console, arguments);","                element = document.querySelector('#outputTextareaStdout1');","                if (!element) {","                    return;","                }","                // append text to #outputTextareaStdout1","                element.value += Array.from(arguments).map(function (arg) {","                    return typeof arg === 'string'","                        ? arg","                        : JSON.stringify(arg, null, 4);","                }).join(' ') + '\\n';","                // scroll textarea to bottom","                element.scrollTop = element.scrollHeight;","            };","        });","        // init event-handling","        ['change', 'click', 'keyup'].forEach(function (event) {","            Array.from(document.querySelectorAll('.on' + event)).forEach(function (element) {","                element.addEventListener(event, local.testRunBrowser);","            });","        });","        // run tests","        local.testRunBrowser();","        break;","","","","    // run node js-env code - post-init","    /* istanbul ignore next */","    case 'node':","        // export local","        module.exports = local;","        // require modules","        local.fs = require('fs');","        local.http = require('http');","        local.url = require('url');","        // init assets","        local.assetsDict = local.assetsDict || {};","        /* jslint-ignore-begin */","        local.assetsDict['/assets.index.template.html'] = '\\","<!doctype html>\\n\\","<html lang=\"en\">\\n\\","<head>\\n\\","<meta charset=\"UTF-8\">\\n\\","<meta name=\"viewport\" content=\"width=device-width, initial-scale=1\">\\n\\","<title>{{env.npm_package_name}} (v{{env.npm_package_version}})</title>\\n\\","<style>\\n\\","/*csslint\\n\\","    box-sizing: false,\\n\\","    universal-selector: false\\n\\","*/\\n\\","* {\\n\\","    box-sizing: border-box;\\n\\","}\\n\\","body {\\n\\","    background: #dde;\\n\\","    font-family: Arial, Helvetica, sans-serif;\\n\\","    margin: 2rem;\\n\\","}\\n\\","body > * {\\n\\","    margin-bottom: 1rem;\\n\\","}\\n\\",".utility2FooterDiv {\\n\\","    margin-top: 20px;\\n\\","    text-align: center;\\n\\","}\\n\\","</style>\\n\\","<style>\\n\\","/*csslint\\n\\","*/\\n\\","textarea {\\n\\","    font-family: monospace;\\n\\","    height: 10rem;\\n\\","    width: 100%;\\n\\","}\\n\\","textarea[readonly] {\\n\\","    background: #ddd;\\n\\","}\\n\\","</style>\\n\\","</head>\\n\\","<body>\\n\\","<!-- utility2-comment\\n\\","<div id=\"ajaxProgressDiv1\" style=\"background: #d00; height: 2px; left: 0; margin: 0; padding: 0; position: fixed; top: 0; transition: background 0.5s, width 1.5s; width: 25%;\"></div>\\n\\","utility2-comment -->\\n\\","<h1>\\n\\","<!-- utility2-comment\\n\\","    <a\\n\\","        {{#if env.npm_package_homepage}}\\n\\","        href=\"{{env.npm_package_homepage}}\"\\n\\","        {{/if env.npm_package_homepage}}\\n\\","        target=\"_blank\"\\n\\","    >\\n\\","utility2-comment -->\\n\\","        {{env.npm_package_name}} (v{{env.npm_package_version}})\\n\\","<!-- utility2-comment\\n\\","    </a>\\n\\","utility2-comment -->\\n\\","</h1>\\n\\","<h3>{{env.npm_package_description}}</h3>\\n\\","<!-- utility2-comment\\n\\","<h4><a download href=\"assets.app.js\">download standalone app</a></h4>\\n\\","<button class=\"onclick onreset\" id=\"testRunButton1\">run internal test</button><br>\\n\\","<div id=\"testReportDiv1\" style=\"display: none;\"></div>\\n\\","utility2-comment -->\\n\\","\\n\\","\\n\\","\\n\\","<label>stderr and stdout</label>\\n\\","<textarea class=\"resettable\" id=\"outputTextareaStdout1\" readonly></textarea>\\n\\","<!-- utility2-comment\\n\\","{{#if isRollup}}\\n\\","<script src=\"assets.app.js\"></script>\\n\\","{{#unless isRollup}}\\n\\","utility2-comment -->\\n\\","<script src=\"assets.utility2.rollup.js\"></script>\\n\\","<script src=\"jsonp.utility2._stateInit?callback=window.utility2._stateInit\"></script>\\n\\","<script src=\"assets.npmtest_connect_mongo.rollup.js\"></script>\\n\\","<script src=\"assets.example.js\"></script>\\n\\","<script src=\"assets.test.js\"></script>\\n\\","<!-- utility2-comment\\n\\","{{/if isRollup}}\\n\\","utility2-comment -->\\n\\","<div class=\"utility2FooterDiv\">\\n\\","    [ this app was created with\\n\\","    <a href=\"https://github.com/kaizhu256/node-utility2\" target=\"_blank\">utility2</a>\\n\\","    ]\\n\\","</div>\\n\\","</body>\\n\\","</html>\\n\\","';","        /* jslint-ignore-end */","        if (local.templateRender) {","            local.assetsDict['/'] = local.templateRender(","                local.assetsDict['/assets.index.template.html'],","                {","                    env: local.objectSetDefault(local.env, {","                        npm_package_description: 'the greatest app in the world!',","                        npm_package_name: 'my-app',","                        npm_package_nameAlias: 'my_app',","                        npm_package_version: '0.0.1'","                    })","                }","            );","        } else {","            local.assetsDict['/'] = local.assetsDict['/assets.index.template.html']","                .replace((/\\{\\{env\\.(\\w+?)\\}\\}/g), function (match0, match1) {","                    // jslint-hack","                    String(match0);","                    switch (match1) {","                    case 'npm_package_description':","                        return 'the greatest app in the world!';","                    case 'npm_package_name':","                        return 'my-app';","                    case 'npm_package_nameAlias':","                        return 'my_app';","                    case 'npm_package_version':","                        return '0.0.1';","                    }","                });","        }","        // run the cli","        if (local.global.utility2_rollup || module !== require.main) {","            break;","        }","        local.assetsDict['/assets.example.js'] =","            local.assetsDict['/assets.example.js'] ||","            local.fs.readFileSync(__filename, 'utf8');","        // bug-workaround - long $npm_package_buildCustomOrg","        /* jslint-ignore-begin */","        local.assetsDict['/assets.npmtest_connect_mongo.rollup.js'] =","            local.assetsDict['/assets.npmtest_connect_mongo.rollup.js'] ||","            local.fs.readFileSync(","                local.npmtest_connect_mongo.__dirname + '/lib.npmtest_connect_mongo.js',","                'utf8'","            ).replace((/^#!/), '//');","        /* jslint-ignore-end */","        local.assetsDict['/favicon.ico'] = local.assetsDict['/favicon.ico'] || '';","        // if $npm_config_timeout_exit exists,","        // then exit this process after $npm_config_timeout_exit ms","        if (Number(process.env.npm_config_timeout_exit)) {","            setTimeout(process.exit, Number(process.env.npm_config_timeout_exit));","        }","        // start server","        if (local.global.utility2_serverHttp1) {","            break;","        }","        process.env.PORT = process.env.PORT || '8081';","        console.error('server starting on port ' + process.env.PORT);","        local.http.createServer(function (request, response) {","            request.urlParsed = local.url.parse(request.url);","            if (local.assetsDict[request.urlParsed.pathname] !== undefined) {","                response.end(local.assetsDict[request.urlParsed.pathname]);","                return;","            }","            response.statusCode = 404;","            response.end();","        }).listen(process.env.PORT);","        break;","    }","}());",""],"l":{"26":2,"28":2,"33":2,"35":2,"37":2,"38":2,"39":2,"44":1,"51":2,"55":2,"59":2,"61":2,"69":1,"70":2,"76":2,"79":2,"82":2,"83":2,"85":1,"89":2,"92":1,"93":1,"94":1,"96":1,"97":1,"100":1,"101":1,"103":1,"106":1,"108":2,"114":1,"116":1,"118":1,"123":1,"124":2,"125":2,"126":3,"127":3,"128":3,"129":3,"130":1,"133":3,"134":3,"139":3,"143":1,"144":3,"145":1,"149":1,"150":1,"158":1,"160":1,"161":1,"162":1,"164":1,"166":1,"258":1,"259":1,"271":1,"274":6,"275":6,"277":1,"279":2,"281":1,"283":2,"288":1,"289":1,"291":1,"296":1,"303":1,"306":1,"307":1,"310":1,"311":1,"313":1,"314":1,"315":1,"316":1,"317":1,"318":1,"319":1,"321":1,"322":1,"324":1}},"/home/travis/build/npmtest/node-npmtest-connect-mongo/node_modules/connect-mongo/index.js":{"path":"/home/travis/build/npmtest/node-npmtest-connect-mongo/node_modules/connect-mongo/index.js","s":{"1":1},"b":{},"f":{},"fnMap":{},"statementMap":{"1":{"start":{"line":1,"column":0},"end":{"line":1,"column":34}}},"branchMap":{},"code":["module.exports = require('./src');",""],"l":{"1":1}},"/home/travis/build/npmtest/node-npmtest-connect-mongo/node_modules/connect-mongo/src/index.js":{"path":"/home/travis/build/npmtest/node-npmtest-connect-mongo/node_modules/connect-mongo/src/index.js","s":{"1":1,"2":1,"3":1,"4":0,"5":0,"6":0,"7":0,"8":0,"9":0,"10":0,"11":1,"12":0,"13":0,"14":0,"15":0,"16":0,"17":0,"18":0,"19":0,"20":1,"21":0,"22":0,"23":0,"24":0,"25":0,"26":0,"27":0,"28":0,"29":0,"30":0,"31":0,"32":0,"33":0,"34":0,"35":0,"36":0,"37":0,"38":0,"39":0,"40":0,"41":0,"42":0,"43":0,"44":0,"45":0,"46":0,"47":0,"48":0,"49":0,"50":0,"51":0,"52":0,"53":0,"54":0,"55":0,"56":0,"57":0,"58":0,"59":0,"60":0,"61":0,"62":0,"63":0,"64":0,"65":0,"66":0,"67":0,"68":0,"69":0,"70":0,"71":0,"72":0,"73":0,"74":0,"75":0,"76":0,"77":0,"78":0,"79":0,"80":0,"81":0,"82":0,"83":0,"84":0,"85":0,"86":0,"87":0,"88":0,"89":0,"90":0,"91":0,"92":0,"93":0,"94":0,"95":0,"96":0,"97":0,"98":0,"99":0,"100":0,"101":0,"102":0,"103":0,"104":0,"105":0,"106":0,"107":0,"108":0,"109":0,"110":0,"111":0,"112":0,"113":0,"114":0,"115":0,"116":0,"117":0,"118":0,"119":0,"120":0,"121":0,"122":0,"123":0,"124":0,"125":0,"126":0,"127":0,"128":0,"129":0,"130":0,"131":0,"132":0,"133":0,"134":0,"135":0,"136":0,"137":0,"138":0,"139":0,"140":0,"141":0,"142":0,"143":0,"144":0},"b":{"1":[0,0],"2":[0,0],"3":[0,0],"4":[0,0],"5":[0,0],"6":[0,0],"7":[0,0],"8":[0,0],"9":[0,0],"10":[0,0],"11":[0,0],"12":[0,0],"13":[0,0],"14":[0,0],"15":[0,0],"16":[0,0],"17":[0,0],"18":[0,0],"19":[0,0],"20":[0,0],"21":[0,0],"22":[0,0],"23":[0,0],"24":[0,0],"25":[0,0],"26":[0,0],"27":[0,0],"28":[0,0],"29":[0,0],"30":[0,0,0],"31":[0,0],"32":[0,0],"33":[0,0],"34":[0,0,0],"35":[0,0],"36":[0,0],"37":[0,0],"38":[0,0],"39":[0,0],"40":[0,0],"41":[0,0,0],"42":[0,0],"43":[0,0,0],"44":[0,0],"45":[0,0],"46":[0,0],"47":[0,0],"48":[0,0],"49":[0,0],"50":[0,0],"51":[0,0],"52":[0,0,0],"53":[0,0],"54":[0,0]},"f":{"1":0,"2":0,"3":0,"4":0,"5":0,"6":0,"7":0,"8":0,"9":0,"10":0,"11":0,"12":0,"13":0,"14":0,"15":0,"16":0,"17":0,"18":0},"fnMap":{"1":{"name":"defaultSerializeFunction","line":7,"loc":{"start":{"line":7,"column":0},"end":{"line":7,"column":43}}},"2":{"name":"computeTransformFunctions","line":25,"loc":{"start":{"line":25,"column":0},"end":{"line":25,"column":62}}},"3":{"name":"connectMongo","line":48,"loc":{"start":{"line":48,"column":17},"end":{"line":48,"column":48}}},"4":{"name":"(anonymous_4)","line":54,"loc":{"start":{"line":54,"column":19},"end":{"line":54,"column":29}}},"5":{"name":"(anonymous_5)","line":112,"loc":{"start":{"line":112,"column":24},"end":{"line":112,"column":30}}},"6":{"name":"(anonymous_6)","line":117,"loc":{"start":{"line":117,"column":32},"end":{"line":117,"column":37}}},"7":{"name":"(anonymous_7)","line":125,"loc":{"start":{"line":125,"column":26},"end":{"line":125,"column":29}}},"8":{"name":"(anonymous_8)","line":139,"loc":{"start":{"line":139,"column":19},"end":{"line":139,"column":30}}},"9":{"name":"(anonymous_9)","line":146,"loc":{"start":{"line":146,"column":21},"end":{"line":146,"column":34}}},"10":{"name":"(anonymous_10)","line":162,"loc":{"start":{"line":162,"column":23},"end":{"line":162,"column":26}}},"11":{"name":"(anonymous_11)","line":183,"loc":{"start":{"line":183,"column":24},"end":{"line":183,"column":36}}},"12":{"name":"(anonymous_12)","line":193,"loc":{"start":{"line":193,"column":11},"end":{"line":193,"column":27}}},"13":{"name":"(anonymous_13)","line":215,"loc":{"start":{"line":215,"column":11},"end":{"line":215,"column":36}}},"14":{"name":"(anonymous_14)","line":261,"loc":{"start":{"line":261,"column":13},"end":{"line":261,"column":38}}},"15":{"name":"(anonymous_15)","line":300,"loc":{"start":{"line":300,"column":15},"end":{"line":300,"column":31}}},"16":{"name":"(anonymous_16)","line":307,"loc":{"start":{"line":307,"column":14},"end":{"line":307,"column":25}}},"17":{"name":"(anonymous_17)","line":313,"loc":{"start":{"line":313,"column":13},"end":{"line":313,"column":24}}},"18":{"name":"(anonymous_18)","line":319,"loc":{"start":{"line":319,"column":13},"end":{"line":319,"column":16}}}},"statementMap":{"1":{"start":{"line":4,"column":0},"end":{"line":4,"column":36}},"2":{"start":{"line":5,"column":0},"end":{"line":5,"column":39}},"3":{"start":{"line":7,"column":0},"end":{"line":23,"column":1}},"4":{"start":{"line":9,"column":4},"end":{"line":9,"column":19}},"5":{"start":{"line":10,"column":4},"end":{"line":10,"column":13}},"6":{"start":{"line":12,"column":4},"end":{"line":20,"column":5}},"7":{"start":{"line":13,"column":8},"end":{"line":19,"column":9}},"8":{"start":{"line":16,"column":12},"end":{"line":16,"column":90}},"9":{"start":{"line":18,"column":12},"end":{"line":18,"column":38}},"10":{"start":{"line":22,"column":4},"end":{"line":22,"column":15}},"11":{"start":{"line":25,"column":0},"end":{"line":46,"column":1}},"12":{"start":{"line":26,"column":4},"end":{"line":31,"column":5}},"13":{"start":{"line":27,"column":8},"end":{"line":30,"column":10}},"14":{"start":{"line":29,"column":54},"end":{"line":29,"column":55}},"15":{"start":{"line":33,"column":4},"end":{"line":38,"column":5}},"16":{"start":{"line":34,"column":8},"end":{"line":37,"column":10}},"17":{"start":{"line":36,"column":30},"end":{"line":36,"column":31}},"18":{"start":{"line":40,"column":4},"end":{"line":45,"column":5}},"19":{"start":{"line":41,"column":8},"end":{"line":44,"column":10}},"20":{"start":{"line":48,"column":0},"end":{"line":327,"column":2}},"21":{"start":{"line":49,"column":4},"end":{"line":49,"column":57}},"22":{"start":{"line":50,"column":4},"end":{"line":50,"column":75}},"23":{"start":{"line":55,"column":12},"end":{"line":55,"column":36}},"24":{"start":{"line":58,"column":12},"end":{"line":60,"column":13}},"25":{"start":{"line":59,"column":16},"end":{"line":59,"column":41}},"26":{"start":{"line":62,"column":12},"end":{"line":62,"column":27}},"27":{"start":{"line":65,"column":12},"end":{"line":65,"column":46}},"28":{"start":{"line":66,"column":12},"end":{"line":66,"column":67}},"29":{"start":{"line":67,"column":12},"end":{"line":67,"column":61}},"30":{"start":{"line":68,"column":12},"end":{"line":68,"column":71}},"31":{"start":{"line":69,"column":12},"end":{"line":69,"column":79}},"32":{"start":{"line":71,"column":12},"end":{"line":71,"column":35}},"33":{"start":{"line":73,"column":12},"end":{"line":73,"column":37}},"34":{"start":{"line":75,"column":12},"end":{"line":81,"column":14}},"35":{"start":{"line":76,"column":16},"end":{"line":80,"column":17}},"36":{"start":{"line":77,"column":20},"end":{"line":77,"column":47}},"37":{"start":{"line":79,"column":20},"end":{"line":79,"column":54}},"38":{"start":{"line":83,"column":12},"end":{"line":106,"column":13}},"39":{"start":{"line":85,"column":16},"end":{"line":85,"column":100}},"40":{"start":{"line":86,"column":19},"end":{"line":106,"column":13}},"41":{"start":{"line":88,"column":16},"end":{"line":92,"column":17}},"42":{"start":{"line":89,"column":20},"end":{"line":89,"column":81}},"43":{"start":{"line":91,"column":20},"end":{"line":91,"column":128}},"44":{"start":{"line":91,"column":66},"end":{"line":91,"column":126}},"45":{"start":{"line":93,"column":19},"end":{"line":106,"column":13}},"46":{"start":{"line":95,"column":16},"end":{"line":99,"column":17}},"47":{"start":{"line":96,"column":20},"end":{"line":96,"column":62}},"48":{"start":{"line":98,"column":20},"end":{"line":98,"column":59}},"49":{"start":{"line":100,"column":19},"end":{"line":106,"column":13}},"50":{"start":{"line":101,"column":16},"end":{"line":103,"column":62}},"51":{"start":{"line":102,"column":32},"end":{"line":102,"column":65}},"52":{"start":{"line":103,"column":34},"end":{"line":103,"column":60}},"53":{"start":{"line":105,"column":16},"end":{"line":105,"column":65}},"54":{"start":{"line":108,"column":12},"end":{"line":108,"column":43}},"55":{"start":{"line":113,"column":12},"end":{"line":113,"column":45}},"56":{"start":{"line":114,"column":12},"end":{"line":114,"column":22}},"57":{"start":{"line":118,"column":12},"end":{"line":118,"column":25}},"58":{"start":{"line":119,"column":12},"end":{"line":122,"column":63}},"59":{"start":{"line":122,"column":32},"end":{"line":122,"column":61}},"60":{"start":{"line":126,"column":12},"end":{"line":126,"column":63}},"61":{"start":{"line":127,"column":12},"end":{"line":136,"column":13}},"62":{"start":{"line":129,"column":16},"end":{"line":129,"column":99}},"63":{"start":{"line":131,"column":16},"end":{"line":131,"column":131}},"64":{"start":{"line":131,"column":47},"end":{"line":131,"column":92}},"65":{"start":{"line":132,"column":16},"end":{"line":132,"column":35}},"66":{"start":{"line":133,"column":16},"end":{"line":133,"column":41}},"67":{"start":{"line":135,"column":16},"end":{"line":135,"column":41}},"68":{"start":{"line":140,"column":12},"end":{"line":143,"column":13}},"69":{"start":{"line":141,"column":16},"end":{"line":141,"column":38}},"70":{"start":{"line":142,"column":16},"end":{"line":142,"column":36}},"71":{"start":{"line":147,"column":12},"end":{"line":149,"column":13}},"72":{"start":{"line":148,"column":16},"end":{"line":148,"column":42}},"73":{"start":{"line":150,"column":12},"end":{"line":150,"column":52}},"74":{"start":{"line":151,"column":12},"end":{"line":151,"column":41}},"75":{"start":{"line":154,"column":12},"end":{"line":156,"column":15}},"76":{"start":{"line":155,"column":16},"end":{"line":155,"column":110}},"77":{"start":{"line":157,"column":12},"end":{"line":157,"column":116}},"78":{"start":{"line":159,"column":12},"end":{"line":159,"column":24}},"79":{"start":{"line":163,"column":12},"end":{"line":163,"column":54}},"80":{"start":{"line":164,"column":12},"end":{"line":179,"column":13}},"81":{"start":{"line":165,"column":16},"end":{"line":177,"column":19}},"82":{"start":{"line":166,"column":20},"end":{"line":176,"column":21}},"83":{"start":{"line":168,"column":24},"end":{"line":168,"column":49}},"84":{"start":{"line":169,"column":24},"end":{"line":169,"column":30}},"85":{"start":{"line":171,"column":24},"end":{"line":171,"column":79}},"86":{"start":{"line":171,"column":53},"end":{"line":171,"column":77}},"87":{"start":{"line":172,"column":24},"end":{"line":172,"column":30}},"88":{"start":{"line":174,"column":24},"end":{"line":174,"column":59}},"89":{"start":{"line":175,"column":24},"end":{"line":175,"column":30}},"90":{"start":{"line":178,"column":16},"end":{"line":178,"column":54}},"91":{"start":{"line":180,"column":12},"end":{"line":180,"column":27}},"92":{"start":{"line":184,"column":12},"end":{"line":188,"column":13}},"93":{"start":{"line":185,"column":16},"end":{"line":185,"column":59}},"94":{"start":{"line":187,"column":16},"end":{"line":187,"column":33}},"95":{"start":{"line":194,"column":12},"end":{"line":212,"column":38}},"96":{"start":{"line":195,"column":36},"end":{"line":201,"column":18}},"97":{"start":{"line":203,"column":20},"end":{"line":210,"column":21}},"98":{"start":{"line":204,"column":24},"end":{"line":204,"column":87}},"99":{"start":{"line":205,"column":24},"end":{"line":207,"column":25}},"100":{"start":{"line":206,"column":28},"end":{"line":206,"column":66}},"101":{"start":{"line":208,"column":24},"end":{"line":208,"column":48}},"102":{"start":{"line":209,"column":24},"end":{"line":209,"column":33}},"103":{"start":{"line":218,"column":12},"end":{"line":220,"column":13}},"104":{"start":{"line":219,"column":16},"end":{"line":219,"column":44}},"105":{"start":{"line":222,"column":12},"end":{"line":222,"column":18}},"106":{"start":{"line":224,"column":12},"end":{"line":228,"column":13}},"107":{"start":{"line":225,"column":16},"end":{"line":225,"column":109}},"108":{"start":{"line":227,"column":16},"end":{"line":227,"column":37}},"109":{"start":{"line":230,"column":12},"end":{"line":241,"column":13}},"110":{"start":{"line":231,"column":16},"end":{"line":231,"column":61}},"111":{"start":{"line":240,"column":16},"end":{"line":240,"column":67}},"112":{"start":{"line":243,"column":12},"end":{"line":245,"column":13}},"113":{"start":{"line":244,"column":16},"end":{"line":244,"column":44}},"114":{"start":{"line":247,"column":12},"end":{"line":258,"column":38}},"115":{"start":{"line":248,"column":36},"end":{"line":248,"column":116}},"116":{"start":{"line":250,"column":20},"end":{"line":250,"column":112}},"117":{"start":{"line":251,"column":20},"end":{"line":255,"column":21}},"118":{"start":{"line":252,"column":24},"end":{"line":252,"column":49}},"119":{"start":{"line":254,"column":24},"end":{"line":254,"column":49}},"120":{"start":{"line":256,"column":20},"end":{"line":256,"column":42}},"121":{"start":{"line":262,"column":12},"end":{"line":265,"column":41}},"122":{"start":{"line":270,"column":12},"end":{"line":280,"column":13}},"123":{"start":{"line":272,"column":16},"end":{"line":272,"column":81}},"124":{"start":{"line":274,"column":16},"end":{"line":278,"column":17}},"125":{"start":{"line":275,"column":20},"end":{"line":275,"column":38}},"126":{"start":{"line":277,"column":20},"end":{"line":277,"column":60}},"127":{"start":{"line":282,"column":12},"end":{"line":286,"column":13}},"128":{"start":{"line":283,"column":16},"end":{"line":283,"column":72}},"129":{"start":{"line":285,"column":16},"end":{"line":285,"column":78}},"130":{"start":{"line":288,"column":12},"end":{"line":297,"column":38}},"131":{"start":{"line":289,"column":36},"end":{"line":289,"column":119}},"132":{"start":{"line":291,"column":20},"end":{"line":295,"column":21}},"133":{"start":{"line":292,"column":24},"end":{"line":292,"column":79}},"134":{"start":{"line":294,"column":24},"end":{"line":294,"column":48}},"135":{"start":{"line":301,"column":12},"end":{"line":304,"column":38}},"136":{"start":{"line":302,"column":36},"end":{"line":302,"column":95}},"137":{"start":{"line":303,"column":28},"end":{"line":303,"column":53}},"138":{"start":{"line":308,"column":12},"end":{"line":310,"column":38}},"139":{"start":{"line":309,"column":36},"end":{"line":309,"column":61}},"140":{"start":{"line":314,"column":12},"end":{"line":316,"column":38}},"141":{"start":{"line":315,"column":36},"end":{"line":315,"column":58}},"142":{"start":{"line":320,"column":12},"end":{"line":322,"column":13}},"143":{"start":{"line":321,"column":16},"end":{"line":321,"column":32}},"144":{"start":{"line":326,"column":4},"end":{"line":326,"column":22}}},"branchMap":{"1":{"line":13,"type":"if","locations":[{"start":{"line":13,"column":8},"end":{"line":13,"column":8}},{"start":{"line":13,"column":8},"end":{"line":13,"column":8}}]},"2":{"line":16,"type":"cond-expr","locations":[{"start":{"line":16,"column":49},"end":{"line":16,"column":72}},{"start":{"line":16,"column":75},"end":{"line":16,"column":89}}]},"3":{"line":26,"type":"if","locations":[{"start":{"line":26,"column":4},"end":{"line":26,"column":4}},{"start":{"line":26,"column":4},"end":{"line":26,"column":4}}]},"4":{"line":26,"type":"binary-expr","locations":[{"start":{"line":26,"column":8},"end":{"line":26,"column":25}},{"start":{"line":26,"column":29},"end":{"line":26,"column":48}}]},"5":{"line":28,"type":"binary-expr","locations":[{"start":{"line":28,"column":23},"end":{"line":28,"column":40}},{"start":{"line":28,"column":44},"end":{"line":28,"column":68}}]},"6":{"line":29,"type":"binary-expr","locations":[{"start":{"line":29,"column":25},"end":{"line":29,"column":44}},{"start":{"line":29,"column":49},"end":{"line":29,"column":55}}]},"7":{"line":33,"type":"if","locations":[{"start":{"line":33,"column":4},"end":{"line":33,"column":4}},{"start":{"line":33,"column":4},"end":{"line":33,"column":4}}]},"8":{"line":33,"type":"binary-expr","locations":[{"start":{"line":33,"column":8},"end":{"line":33,"column":35}},{"start":{"line":33,"column":39},"end":{"line":33,"column":65}}]},"9":{"line":40,"type":"if","locations":[{"start":{"line":40,"column":4},"end":{"line":40,"column":4}},{"start":{"line":40,"column":4},"end":{"line":40,"column":4}}]},"10":{"line":40,"type":"binary-expr","locations":[{"start":{"line":40,"column":8},"end":{"line":40,"column":34}},{"start":{"line":40,"column":38},"end":{"line":40,"column":63}}]},"11":{"line":49,"type":"binary-expr","locations":[{"start":{"line":49,"column":18},"end":{"line":49,"column":31}},{"start":{"line":49,"column":35},"end":{"line":49,"column":56}}]},"12":{"line":50,"type":"binary-expr","locations":[{"start":{"line":50,"column":24},"end":{"line":50,"column":43}},{"start":{"line":50,"column":47},"end":{"line":50,"column":74}}]},"13":{"line":55,"type":"binary-expr","locations":[{"start":{"line":55,"column":22},"end":{"line":55,"column":29}},{"start":{"line":55,"column":33},"end":{"line":55,"column":35}}]},"14":{"line":58,"type":"if","locations":[{"start":{"line":58,"column":12},"end":{"line":58,"column":12}},{"start":{"line":58,"column":12},"end":{"line":58,"column":12}}]},"15":{"line":58,"type":"binary-expr","locations":[{"start":{"line":58,"column":16},"end":{"line":58,"column":38}},{"start":{"line":58,"column":42},"end":{"line":58,"column":53}}]},"16":{"line":65,"type":"binary-expr","locations":[{"start":{"line":65,"column":23},"end":{"line":65,"column":34}},{"start":{"line":65,"column":38},"end":{"line":65,"column":45}}]},"17":{"line":66,"type":"binary-expr","locations":[{"start":{"line":66,"column":34},"end":{"line":66,"column":52}},{"start":{"line":66,"column":56},"end":{"line":66,"column":66}}]},"18":{"line":67,"type":"binary-expr","locations":[{"start":{"line":67,"column":30},"end":{"line":67,"column":48}},{"start":{"line":67,"column":52},"end":{"line":67,"column":60}}]},"19":{"line":68,"type":"binary-expr","locations":[{"start":{"line":68,"column":38},"end":{"line":68,"column":64}},{"start":{"line":68,"column":68},"end":{"line":68,"column":70}}]},"20":{"line":76,"type":"if","locations":[{"start":{"line":76,"column":16},"end":{"line":76,"column":16}},{"start":{"line":76,"column":16},"end":{"line":76,"column":16}}]},"21":{"line":83,"type":"if","locations":[{"start":{"line":83,"column":12},"end":{"line":83,"column":12}},{"start":{"line":83,"column":12},"end":{"line":83,"column":12}}]},"22":{"line":85,"type":"binary-expr","locations":[{"start":{"line":85,"column":49},"end":{"line":85,"column":69}},{"start":{"line":85,"column":73},"end":{"line":85,"column":75}}]},"23":{"line":86,"type":"if","locations":[{"start":{"line":86,"column":19},"end":{"line":86,"column":19}},{"start":{"line":86,"column":19},"end":{"line":86,"column":19}}]},"24":{"line":88,"type":"if","locations":[{"start":{"line":88,"column":16},"end":{"line":88,"column":16}},{"start":{"line":88,"column":16},"end":{"line":88,"column":16}}]},"25":{"line":93,"type":"if","locations":[{"start":{"line":93,"column":19},"end":{"line":93,"column":19}},{"start":{"line":93,"column":19},"end":{"line":93,"column":19}}]},"26":{"line":93,"type":"binary-expr","locations":[{"start":{"line":93,"column":23},"end":{"line":93,"column":33}},{"start":{"line":93,"column":37},"end":{"line":93,"column":63}}]},"27":{"line":95,"type":"if","locations":[{"start":{"line":95,"column":16},"end":{"line":95,"column":16}},{"start":{"line":95,"column":16},"end":{"line":95,"column":16}}]},"28":{"line":95,"type":"binary-expr","locations":[{"start":{"line":95,"column":20},"end":{"line":95,"column":41}},{"start":{"line":95,"column":45},"end":{"line":95,"column":80}}]},"29":{"line":100,"type":"if","locations":[{"start":{"line":100,"column":19},"end":{"line":100,"column":19}},{"start":{"line":100,"column":19},"end":{"line":100,"column":19}}]},"30":{"line":127,"type":"switch","locations":[{"start":{"line":128,"column":12},"end":{"line":129,"column":99}},{"start":{"line":130,"column":12},"end":{"line":133,"column":41}},{"start":{"line":134,"column":12},"end":{"line":135,"column":41}}]},"31":{"line":140,"type":"if","locations":[{"start":{"line":140,"column":12},"end":{"line":140,"column":12}},{"start":{"line":140,"column":12},"end":{"line":140,"column":12}}]},"32":{"line":147,"type":"if","locations":[{"start":{"line":147,"column":12},"end":{"line":147,"column":12}},{"start":{"line":147,"column":12},"end":{"line":147,"column":12}}]},"33":{"line":164,"type":"if","locations":[{"start":{"line":164,"column":12},"end":{"line":164,"column":12}},{"start":{"line":164,"column":12},"end":{"line":164,"column":12}}]},"34":{"line":166,"type":"switch","locations":[{"start":{"line":167,"column":20},"end":{"line":169,"column":30}},{"start":{"line":170,"column":20},"end":{"line":172,"column":30}},{"start":{"line":173,"column":20},"end":{"line":175,"column":30}}]},"35":{"line":184,"type":"if","locations":[{"start":{"line":184,"column":12},"end":{"line":184,"column":12}},{"start":{"line":184,"column":12},"end":{"line":184,"column":12}}]},"36":{"line":184,"type":"binary-expr","locations":[{"start":{"line":184,"column":16},"end":{"line":184,"column":40}},{"start":{"line":184,"column":44},"end":{"line":184,"column":90}}]},"37":{"line":203,"type":"if","locations":[{"start":{"line":203,"column":20},"end":{"line":203,"column":20}},{"start":{"line":203,"column":20},"end":{"line":203,"column":20}}]},"38":{"line":205,"type":"if","locations":[{"start":{"line":205,"column":24},"end":{"line":205,"column":24}},{"start":{"line":205,"column":24},"end":{"line":205,"column":24}}]},"39":{"line":205,"type":"binary-expr","locations":[{"start":{"line":205,"column":28},"end":{"line":205,"column":55}},{"start":{"line":205,"column":59},"end":{"line":205,"column":79}}]},"40":{"line":218,"type":"if","locations":[{"start":{"line":218,"column":12},"end":{"line":218,"column":12}},{"start":{"line":218,"column":12},"end":{"line":218,"column":12}}]},"41":{"line":218,"type":"binary-expr","locations":[{"start":{"line":218,"column":16},"end":{"line":218,"column":43}},{"start":{"line":218,"column":47},"end":{"line":218,"column":54}},{"start":{"line":218,"column":58},"end":{"line":218,"column":78}}]},"42":{"line":230,"type":"if","locations":[{"start":{"line":230,"column":12},"end":{"line":230,"column":12}},{"start":{"line":230,"column":12},"end":{"line":230,"column":12}}]},"43":{"line":230,"type":"binary-expr","locations":[{"start":{"line":230,"column":16},"end":{"line":230,"column":23}},{"start":{"line":230,"column":27},"end":{"line":230,"column":41}},{"start":{"line":230,"column":45},"end":{"line":230,"column":67}}]},"44":{"line":243,"type":"if","locations":[{"start":{"line":243,"column":12},"end":{"line":243,"column":12}},{"start":{"line":243,"column":12},"end":{"line":243,"column":12}}]},"45":{"line":250,"type":"cond-expr","locations":[{"start":{"line":250,"column":69},"end":{"line":250,"column":85}},{"start":{"line":250,"column":88},"end":{"line":250,"column":111}}]},"46":{"line":251,"type":"if","locations":[{"start":{"line":251,"column":20},"end":{"line":251,"column":20}},{"start":{"line":251,"column":20},"end":{"line":251,"column":20}}]},"47":{"line":264,"type":"cond-expr","locations":[{"start":{"line":264,"column":54},"end":{"line":264,"column":84}},{"start":{"line":264,"column":87},"end":{"line":264,"column":88}}]},"48":{"line":270,"type":"if","locations":[{"start":{"line":270,"column":12},"end":{"line":270,"column":12}},{"start":{"line":270,"column":12},"end":{"line":270,"column":12}}]},"49":{"line":270,"type":"binary-expr","locations":[{"start":{"line":270,"column":16},"end":{"line":270,"column":30}},{"start":{"line":270,"column":34},"end":{"line":270,"column":50}}]},"50":{"line":274,"type":"if","locations":[{"start":{"line":274,"column":16},"end":{"line":274,"column":16}},{"start":{"line":274,"column":16},"end":{"line":274,"column":16}}]},"51":{"line":282,"type":"if","locations":[{"start":{"line":282,"column":12},"end":{"line":282,"column":12}},{"start":{"line":282,"column":12},"end":{"line":282,"column":12}}]},"52":{"line":282,"type":"binary-expr","locations":[{"start":{"line":282,"column":16},"end":{"line":282,"column":23}},{"start":{"line":282,"column":27},"end":{"line":282,"column":41}},{"start":{"line":282,"column":45},"end":{"line":282,"column":67}}]},"53":{"line":291,"type":"if","locations":[{"start":{"line":291,"column":20},"end":{"line":291,"column":20}},{"start":{"line":291,"column":20},"end":{"line":291,"column":20}}]},"54":{"line":320,"type":"if","locations":[{"start":{"line":320,"column":12},"end":{"line":320,"column":12}},{"start":{"line":320,"column":12},"end":{"line":320,"column":12}}]}},"code":["'use strict';","/* eslint indent: [error, 4] */","","const Promise = require('bluebird');","const MongoClient = require('mongodb');","","function defaultSerializeFunction(session) {","    // Copy each property of the session to a new object","    const obj = {};","    let prop;","","    for (prop in session) {","        if (prop === 'cookie') {","            // Convert the cookie instance to an object, if possible","            // This gets rid of the duplicate object under session.cookie.data property","            obj.cookie = session.cookie.toJSON ? session.cookie.toJSON() : session.cookie;","        } else {","            obj[prop] = session[prop];","        }","    }","","    return obj;","}","","function computeTransformFunctions(options, defaultStringify) {","    if (options.serialize || options.unserialize) {","        return {","            serialize: options.serialize || defaultSerializeFunction,","            unserialize: options.unserialize || (x => x),","        };","    }","","    if (options.stringify === false || defaultStringify === false) {","        return {","            serialize: defaultSerializeFunction,","            unserialize: x => x,","        };","    }","","    if (options.stringify === true || defaultStringify === true) {","        return {","            serialize: JSON.stringify,","            unserialize: JSON.parse,","        };","    }","}","","module.exports = function connectMongo(connect) {","    const Store = connect.Store || connect.session.Store;","    const MemoryStore = connect.MemoryStore || connect.session.MemoryStore;","","    class MongoStore extends Store {","","        constructor(options) {","            options = options || {};","","            /* Fallback */","            if (options.fallbackMemory && MemoryStore) {","                return new MemoryStore();","            }","","            super(options);","","            /* Options */","            this.ttl = options.ttl || 1209600; // 14 days","            this.collectionName = options.collection || 'sessions';","            this.autoRemove = options.autoRemove || 'native';","            this.autoRemoveInterval = options.autoRemoveInterval || 10;","            this.transformFunctions = computeTransformFunctions(options, true);","","            this.options = options;","","            this.changeState('init');","","            const newConnectionCallback = (err, db) => {","                if (err) {","                    this.connectionFailed(err);","                } else {","                    this.handleNewConnectionAsync(db);","                }","            };","","            if (options.url) {","                // New native connection using url + mongoOptions","                MongoClient.connect(options.url, options.mongoOptions || {}, newConnectionCallback);","            } else if (options.mongooseConnection) {","                // Re-use existing or upcoming mongoose connection","                if (options.mongooseConnection.readyState === 1) {","                    this.handleNewConnectionAsync(options.mongooseConnection.db);","                } else {","                    options.mongooseConnection.once('open', () => this.handleNewConnectionAsync(options.mongooseConnection.db));","                }","            } else if (options.db && options.db.listCollections) {","                // Re-use existing or upcoming native connection","                if (options.db.openCalled || options.db.openCalled === undefined) { // openCalled is undefined in mongodb@2.x","                    this.handleNewConnectionAsync(options.db);","                } else {","                    options.db.open(newConnectionCallback);","                }","            } else if (options.dbPromise) {","                options.dbPromise","                    .then(db => this.handleNewConnectionAsync(db))","                    .catch(err => this.connectionFailed(err));","            } else {","                throw new Error('Connection strategy not found');","            }","","            this.changeState('connecting');","","        }","","        connectionFailed(err) {","            this.changeState('disconnected');","            throw err;","        }","","        handleNewConnectionAsync(db) {","            this.db = db;","            return this","                .setCollection(db.collection(this.collectionName))","                .setAutoRemoveAsync()","                    .then(() => this.changeState('connected'));","        }","","        setAutoRemoveAsync() {","            let removeQuery = { expires: { $lt: new Date() } };","            switch (this.autoRemove) {","            case 'native':","                return this.collection.ensureIndexAsync({ expires: 1 }, { expireAfterSeconds: 0 });","            case 'interval':","                this.timer = setInterval(() => this.collection.remove(removeQuery, { w: 0 }), this.autoRemoveInterval * 1000 * 60);","                this.timer.unref();","                return Promise.resolve();","            default:","                return Promise.resolve();","            }","        }","","        changeState(newState) {","            if (newState !== this.state) {","                this.state = newState;","                this.emit(newState);","            }","        }","","        setCollection(collection) {","            if (this.ti
[...]
line":272,"column":71}}]},"57":{"line":285,"type":"if","locations":[{"start":{"line":285,"column":16},"end":{"line":285,"column":16}},{"start":{"line":285,"column":16},"end":{"line":285,"column":16}}]},"58":{"line":292,"type":"cond-expr","locations":[{"start":{"line":292,"column":67},"end":{"line":292,"column":83}},{"start":{"line":292,"column":86},"end":{"line":292,"column":109}}]},"59":{"line":293,"type":"if","locations":[{"start":{"line":293,"column":20},"end":{"line":293,"column":20}},{"start":{"line":293,"column":20},"end":{"line":293,"column":20}}]},"60":{"line":308,"type":"cond-expr","locations":[{"start":{"line":308,"column":58},"end":{"line":308,"column":88}},{"start":{"line":308,"column":91},"end":{"line":308,"column":92}}]},"61":{"line":314,"type":"if","locations":[{"start":{"line":314,"column":16},"end":{"line":314,"column":16}},{"start":{"line":314,"column":16},"end":{"line":314,"column":16}}]},"62":{"line":314,"type":"binary-expr","locations":[{"start":{"line":314,"column":20},"end":{"line":314,"column":34}},{"start":{"line":314,"column":38},"end":{"line":314,"column":54}}]},"63":{"line":318,"type":"if","locations":[{"start":{"line":318,"column":20},"end":{"line":318,"column":20}},{"start":{"line":318,"column":20},"end":{"line":318,"column":20}}]},"64":{"line":325,"type":"if","locations":[{"start":{"line":325,"column":16},"end":{"line":325,"column":16}},{"start":{"line":325,"column":16},"end":{"line":325,"column":16}}]},"65":{"line":325,"type":"binary-expr","locations":[{"start":{"line":325,"column":20},"end":{"line":325,"column":27}},{"start":{"line":325,"column":31},"end":{"line":325,"column":45}},{"start":{"line":325,"column":49},"end":{"line":325,"column":71}}]},"66":{"line":334,"type":"if","locations":[{"start":{"line":334,"column":20},"end":{"line":334,"column":20}},{"start":{"line":334,"column":20},"end":{"line":334,"column":20}}]},"67":{"line":369,"type":"if","locations":[{"start":{"line":369,"column":16},"end":{"line":369,"column":16}},{"start":{"line":369,"column":16},"end":{"line":369,"column":16}}]}},"code":["'use strict';","/* eslint indent: [error, 4] */","","var _createClass = function () { function defineProperties(target, props) { for (var i = 0; i < props.length; i++) { var descriptor = props[i]; descriptor.enumerable = descriptor.enumerable || false; descriptor.configurable = true; if (\"value\" in descriptor) descriptor.writable = true; Object.defineProperty(target, descriptor.key, descriptor); } } return function (Constructor, protoProps, staticProps) { if (protoProps) defineProperties(Constructor.prototype, protoProps); if (staticProps) defineProperties(Constructor, staticProps); return Constructor; }; }();","","function _classCallCheck(instance, Constructor) { if (!(instance instanceof Constructor)) { throw new TypeError(\"Cannot call a class as a function\"); } }","","function _possibleConstructorReturn(self, call) { if (!self) { throw new ReferenceError(\"this hasn't been initialised - super() hasn't been called\"); } return call && (typeof call === \"object\" || typeof call === \"function\") ? call : self; }","","function _inherits(subClass, superClass) { if (typeof superClass !== \"function\" && superClass !== null) { throw new TypeError(\"Super expression must either be null or a function, not \" + typeof superClass); } subClass.prototype = Object.create(superClass && superClass.prototype, { constructor: { value: subClass, enumerable: false, writable: true, configurable: true } }); if (superClass) Object.setPrototypeOf ? Object.setPrototypeOf(subClass, superClass) : subClass.__proto__ = superClass; }","","var Promise = require('bluebird');","var MongoClient = require('mongodb');","","function defaultSerializeFunction(session) {","    // Copy each property of the session to a new object","    var obj = {};","    var prop = void 0;","","    for (prop in session) {","        if (prop === 'cookie') {","            // Convert the cookie instance to an object, if possible","            // This gets rid of the duplicate object under session.cookie.data property","            obj.cookie = session.cookie.toJSON ? session.cookie.toJSON() : session.cookie;","        } else {","            obj[prop] = session[prop];","        }","    }","","    return obj;","}","","function computeTransformFunctions(options, defaultStringify) {","    if (options.serialize || options.unserialize) {","        return {","            serialize: options.serialize || defaultSerializeFunction,","            unserialize: options.unserialize || function (x) {","                return x;","            }","        };","    }","","    if (options.stringify === false || defaultStringify === false) {","        return {","            serialize: defaultSerializeFunction,","            unserialize: function (x) {","                return x;","            }","        };","    }","","    if (options.stringify === true || defaultStringify === true) {","        return {","            serialize: JSON.stringify,","            unserialize: JSON.parse","        };","    }","}","","module.exports = function connectMongo(connect) {","    var Store = connect.Store || connect.session.Store;","    var MemoryStore = connect.MemoryStore || connect.session.MemoryStore;","","    var MongoStore = function (_Store) {","        _inherits(MongoStore, _Store);","","        function MongoStore(options) {","            _classCallCheck(this, MongoStore);","","            options = options || {};","","            /* Fallback */","            if (options.fallbackMemory && MemoryStore) {","                var _ret;","","                return _ret = new MemoryStore(), _possibleConstructorReturn(_this, _ret);","            }","","            /* Options */","            var _this = _possibleConstructorReturn(this, Object.getPrototypeOf(MongoStore).call(this, options));","","            _this.ttl = options.ttl || 1209600; // 14 days","            _this.collectionName = options.collection || 'sessions';","            _this.autoRemove = options.autoRemove || 'native';","            _this.autoRemoveInterval = options.autoRemoveInterval || 10;","            _this.transformFunctions = computeTransformFunctions(options, true);","","            _this.options = options;","","            _this.changeState('init');","","            var newConnectionCallback = function (err, db) {","                if (err) {","                    _this.connectionFailed(err);","                } else {","                    _this.handleNewConnectionAsync(db);","                }","            };","","            if (options.url) {","                // New native connection using url + mongoOptions","                MongoClient.connect(options.url, options.mongoOptions || {}, newConnectionCallback);","            } else if (options.mongooseConnection) {","                // Re-use existing or upcoming mongoose connection","                if (options.mongooseConnection.readyState === 1) {","                    _this.handleNewConnectionAsync(options.mongooseConnection.db);","                } else {","                    options.mongooseConnection.once('open', function () {","                        return _this.handleNewConnectionAsync(options.mongooseConnection.db);","                    });","                }","            } else if (options.db && options.db.listCollections) {","                // Re-use existing or upcoming native connection","                if (options.db.openCalled || options.db.openCalled === undefined) {","                    // openCalled is undefined in mongodb@2.x","                    _this.handleNewConnectionAsync(options.db);","                } else {","                    options.db.open(newConnectionCallback);","                }","            } else if (options.dbPromise) {","                options.dbPromise.then(function (db) {","                    return _this.handleNewConnectionAsync(db);","                }).catch(function (err) {","                    return _this.connectionFailed(err);","                });","            } else {","                throw new Error('Connection strategy not found');","            }","","            _this.changeState('connecting');","","            return _this;","        }","","        _createClass(MongoStore, [{","            key: 'connectionFailed',","            value: function connectionFailed(err) {","                this.changeState('disconnected');","                throw err;","            }","        }, {","            key: 'handleNewConnectionAsync',","            value: function handleNewConnectionAsync(db) {","                var _this2 = this;","","                this.db = db;","                return this.setCollection(db.collection(this.collectionName)).setAutoRemoveAsync().then(function () {","                    return _this2.changeState('connected');","                });","            }","        }, {","            key: 'setAutoRemoveAsync',","            value: function setAutoRemoveAsync() {","                var _this3 = this;","","                var removeQuery = { expires: { $lt: new Date() } };","                switch (this.autoRemove) {","                    case 'native':","                        return this.collection.ensureIndexAsync({ expires: 1 }, { expireAfterSeconds: 0 });","                    case 'interval':","                        this.timer = setInterval(function () {","                            return _this3.collection.remove(removeQuery, { w: 0 });","                        }, this.autoRemoveInterval * 1000 * 60);","                        this.timer.unref();","                        return Promise.resolve();","                    default:","                        return Promise.resolve();","                }","            }","        }, {","            key: 'changeState',","            value: function changeState(newState) {","                if (newState !== this.state) {","                    this.state = newState;","                    this.emit(newState);","                }","            }","        }, {","            key: 'setCollection',","            value: function setCollection(collection) {","                if (this.timer) {","                    clearInterval(this.timer);","                }","                this.collectionReadyPromise = undefined;","                this.collection = collection;","","                // Promisify used collection methods","                ['count', 'findOne', 'remove', 'drop', 'ensureIndex'].forEach(function (method) {","                    collection[method + 'Async'] = Promise.promisify(collection[method], { context: collection });","                });","                collection.updateAsync = Promise.promisify(collection.update, { context: collection, multiArgs: true });","","                return this;","            }","        }, {","            key: 'collectionReady',","            value: function collectionReady() {","                var _this4 = this;","","                var promise = this.collectionReadyPromise;","                if (!promise) {","                    promise = new Promise(function (resolve, reject) {","                        switch (_this4.state) {","                            case 'connected':","                                resolve(_this4.collection);","                                break;","                            case 'connecting':","                                _this4.once('connected', function () {","                                    return resolve(_this4.collection);","                                });","                                break;","                            case 'disconnected':","                                reject(new Error('Not connected'));","                                break;","                        }","                    });","                    this.collectionReadyPromise = promise;","                }","                return promise;","            }","        }, {","            key: 'computeStorageId',","            value: function computeStorageId(sessionId) {","                if (this.options.transformId && typeof this.options.transformId === 'function') {","                    return this.options.transformId(sessionId);","                } else {","                    return sessionId;","                }","            }","","            /* Public API */","","        }, {","            key: 'get',","            value: function get(sid, callback) {","                var _this5 = this;","","                return this.collectionReady().then(function (collection) {","                    return collection.findOneAsync({","                        _id: _this5.computeStorageId(sid),","                        $or: [{ expires: { $exists: false } }, { expires: { $gt: new Date() } }]","                    });","                }).then(function (session) {","                    if (session) {","                        var s = _this5.transformFunctions.unserialize(session.session);","                        if (_this5.options.touchAfter > 0 && session.lastModified) {","                            s.lastModified = session.lastModified;","                        }","                        _this5.emit('touch', sid);","                        return s;","                    }","                }).asCallback(callback);","            }","        }, {","            key: 'set',","            value: function set(sid, session, callback) {","                var _this6 = this;","","                // removing the lastModified prop from the session object before update","                if (this.options.touchAfter > 0 && session && session.lastModified) {","                    delete session.lastModified;","                }","","                var s = void 0;","","                try {","                    s = { _id: this.computeStorageId(sid), session: this.transformFunctions.serialize(session) };","                } catch (err) {","                    return callback(err);","                }","","                if (session && session.cookie && session.cookie.expires) {","                    s.expires = new Date(session.cookie.expires);","                } else {","                    // If there's no expiration date specified, it is","                    // browser-session cookie or there is no cookie at all,","                    // as per the connect docs.","                    //","                    // So we set the expiration to two-weeks from now","                    // - as is common practice in the industry (e.g Django) -","                    // or the default specified in the options.","                    s.expires = new Date(Date.now() + this.ttl * 1000);","                }","","                if (this.options.touchAfter > 0) {","                    s.lastModified = new Date();","                }","","                return this.collectionReady().then(function (collection) {","                    return collection.updateAsync({ _id: _this6.computeStorageId(sid) }, s, { upsert: true });","                }).then(function (responseArray) {","                    var rawResponse = responseArray.length === 2 ? responseArray[1] : responseArray[0].result;","                    if (rawResponse.upserted) {","                        _this6.emit('create', sid);","                    } else {","                        _this6.emit('update', sid);","                    }","                    _this6.emit('set', sid);","                }).asCallback(callback);","            }","        }, {","            key: 'touch',","            value: function touch(sid, session, callback) {","                var _this7 = this;","","                var updateFields = {},","                    touchAfter = this.options.touchAfter * 1000,","                    lastModified = session.lastModified ? session.lastModified.getTime() : 0,","                    currentDate = new Date();","","                // if the given options has a touchAfter property, check if the","                // current timestamp - lastModified timestamp is bigger than","                // the specified, if it's not, don't touch the session","                if (touchAfter > 0 && lastModified > 0) {","","                    var timeElapsed = currentDate.getTime() - session.lastModified;","","                    if (timeElapsed < touchAfter) {","                        return callback();","                    } else {","                        updateFields.lastModified = currentDate;","                    }","                }","","                if (session && session.cookie && session.cookie.expires) {","                    updateFields.expires = new Date(session.cookie.expires);","                } else {","                    updateFields.expires = new Date(Date.now() + this.ttl * 1000);","                }","","                return this.collectionReady().then(function (collection) {","                    return collection.updateAsync({ _id: _this7.computeStorageId(sid) }, { $set: updateFields });","                }).then(function (result) {","                    if (result.nModified === 0) {","                        throw new Error('Unable to find the session to touch');","                    } else {","                        _this7.emit('touch', sid);","                    }","                }).asCallback(callback);","            }","        }, {","            key: 'destroy',","            value: function destroy(sid, callback) {","                var _this8 = this;","","                return this.collectionReady().then(function (collection) {","                    return collection.removeAsync({ _id: _this8.computeStorageId(sid) });","                }).then(function () {","                    return _this8.emit('destroy', sid);","                }).asCallback(callback);","            }","        }, {","            key: 'length',","            value: function length(callback) {","                return this.collectionReady().then(function (collection) {","                    return collection.countAsync({});","                }).asCallback(callback);","            }","        }, {","            key: 'clear',","            value: function clear(callback) {","                return this.collectionReady().then(function (collection) {","                    return collection.dropAsync();","                }).asCallback(callback);","            }","        }, {","            key: 'close',","            value: function close() {","                if (this.db) {","                    this.db.close();","                }","            }","        }]);","","        return MongoStore;","    }(Store);","","    return MongoStore;","};"],"l":{"4":1,"6":1,"8":1,"10":1,"12":1,"13":1,"15":1,"17":0,"18":0,"20":0,"21":0,"24":0,"26":0,"30":0,"33":1,"34":0,"35":0,"38":0,"43":0,"44":0,"47":0,"52":0,"53":0,"60":1,"61":0,"62":0,"64":0,"65":0,"67":1,"68":0,"70":0,"73":0,"74":0,"76":0,"80":0,"82":0,"83":0,"84":0,"85":0,"86":0,"88":0,"90":0,"92":0,"93":0,"94":0,"96":0,"100":0,"102":0,"103":0,"105":0,"106":0,"108":0,"109":0,"112":0,"114":0,"116":0,"118":0,"120":0,"121":0,"122":0,"124":0,"127":0,"130":0,"132":0,"135":0,"138":0,"139":0,"144":0,"146":0,"147":0,"148":0,"154":0,"156":0,"157":0,"159":0,"161":0,"162":0,"164":0,"165":0,"167":0,"173":0,"174":0,"175":0,"181":0,"182":0,"184":0,"185":0,"188":0,"189":0,"191":0,"193":0,"198":0,"200":0,"201":0,"202":0,"203":0,"205":0,"206":0,"208":0,"209":0,"211":0,"213":0,"214":0,"217":0,"219":0,"224":0,"225":0,"227":0,"236":0,"238":0,"239":0,"244":0,"245":0,"246":0,"247":0,"249":0,"250":0,"257":0,"260":0,"261":0,"264":0,"266":0,"267":0,"269":0,"272":0,"273":0,"282":0,"285":0,"286":0,"289":0,"290":0,"292":0,"293":0,"294":0,"296":0,"298":0,"304":0,"306":0,"314":0,"316":0,"318":0,"319":0,"321":0,"325":0,"326":0,"328":0,"331":0,"332":0,"334":0,"335":0,"337":0,"344":0,"346":0,"347":0,"349":0,"355":0,"356":0,"362":0,"363":0,"369":0,"370":0,"375":0,"378":0}}}